TN:
SF:src/category/domain/entities/category.ts
FN:8,<instance_members_initializer>
FN:9,Category
FN:11,get name
FN:15,get description
FN:19,get isActive
FN:23,get createdAt
FNF:6
FNH:2
FNDA:1,<instance_members_initializer>
FNDA:1,Category
FNDA:0,get name
FNDA:0,get description
FNDA:0,get isActive
FNDA:0,get createdAt
DA:1,1
DA:2,1
DA:3,1
DA:4,1
DA:5,1
DA:6,1
DA:7,1
DA:8,1
DA:9,1
DA:10,1
DA:11,1
DA:12,0
DA:13,0
DA:14,1
DA:15,1
DA:16,0
DA:17,0
DA:18,1
DA:19,1
DA:20,0
DA:21,0
DA:22,1
DA:23,1
DA:24,0
DA:25,0
DA:26,1
LF:26
LH:18
BRDA:8,0,0,1
BRDA:9,1,0,1
BRF:2
BRH:2
end_of_record
